<?xml version="1.0" encoding="UTF-8"?>
<coverage generated="1628844208">
  <project timestamp="1628844208">
    <file name="/srv/api/src/Command/DatabaseDumpCommand.php">
      <class name="App\Command\DatabaseDumpCommand" namespace="global">
        <metrics complexity="4" methods="3" coveredmethods="0" conditionals="0" coveredconditionals="0" statements="16" coveredstatements="0" elements="19" coveredelements="0"/>
      </class>
      <line num="37" type="method" name="__construct" visibility="public" complexity="1" crap="2" count="0"/>
      <line num="41" type="stmt" count="0"/>
      <line num="42" type="stmt" count="0"/>
      <line num="44" type="stmt" count="0"/>
      <line num="45" type="stmt" count="0"/>
      <line num="47" type="method" name="configure" visibility="protected" complexity="1" crap="2" count="0"/>
      <line num="49" type="stmt" count="0"/>
      <line num="50" type="stmt" count="0"/>
      <line num="52" type="stmt" count="0"/>
      <line num="60" type="method" name="execute" visibility="protected" complexity="2" crap="6" count="0"/>
      <line num="62" type="stmt" count="0"/>
      <line num="64" type="stmt" count="0"/>
      <line num="67" type="stmt" count="0"/>
      <line num="68" type="stmt" count="0"/>
      <line num="69" type="stmt" count="0"/>
      <line num="70" type="stmt" count="0"/>
      <line num="72" type="stmt" count="0"/>
      <line num="74" type="stmt" count="0"/>
      <line num="76" type="stmt" count="0"/>
      <metrics loc="78" ncloc="67" classes="1" methods="3" coveredmethods="0" conditionals="0" coveredconditionals="0" statements="16" coveredstatements="0" elements="19" coveredelements="0"/>
    </file>
    <file name="/srv/api/src/Command/DatabaseImportCommand.php">
      <class name="App\Command\DatabaseImportCommand" namespace="global">
        <metrics complexity="13" methods="3" coveredmethods="0" conditionals="0" coveredconditionals="0" statements="44" coveredstatements="0" elements="47" coveredelements="0"/>
      </class>
      <line num="36" type="method" name="__construct" visibility="public" complexity="1" crap="2" count="0"/>
      <line num="40" type="stmt" count="0"/>
      <line num="41" type="stmt" count="0"/>
      <line num="43" type="stmt" count="0"/>
      <line num="44" type="stmt" count="0"/>
      <line num="46" type="method" name="configure" visibility="protected" complexity="1" crap="2" count="0"/>
      <line num="48" type="stmt" count="0"/>
      <line num="49" type="stmt" count="0"/>
      <line num="51" type="stmt" count="0"/>
      <line num="59" type="method" name="execute" visibility="protected" complexity="11" crap="132" count="0"/>
      <line num="61" type="stmt" count="0"/>
      <line num="63" type="stmt" count="0"/>
      <line num="65" type="stmt" count="0"/>
      <line num="66" type="stmt" count="0"/>
      <line num="68" type="stmt" count="0"/>
      <line num="69" type="stmt" count="0"/>
      <line num="70" type="stmt" count="0"/>
      <line num="72" type="stmt" count="0"/>
      <line num="74" type="stmt" count="0"/>
      <line num="76" type="stmt" count="0"/>
      <line num="79" type="stmt" count="0"/>
      <line num="80" type="stmt" count="0"/>
      <line num="86" type="stmt" count="0"/>
      <line num="89" type="stmt" count="0"/>
      <line num="90" type="stmt" count="0"/>
      <line num="91" type="stmt" count="0"/>
      <line num="92" type="stmt" count="0"/>
      <line num="95" type="stmt" count="0"/>
      <line num="96" type="stmt" count="0"/>
      <line num="97" type="stmt" count="0"/>
      <line num="98" type="stmt" count="0"/>
      <line num="99" type="stmt" count="0"/>
      <line num="102" type="stmt" count="0"/>
      <line num="103" type="stmt" count="0"/>
      <line num="104" type="stmt" count="0"/>
      <line num="105" type="stmt" count="0"/>
      <line num="106" type="stmt" count="0"/>
      <line num="108" type="stmt" count="0"/>
      <line num="110" type="stmt" count="0"/>
      <line num="111" type="stmt" count="0"/>
      <line num="112" type="stmt" count="0"/>
      <line num="116" type="stmt" count="0"/>
      <line num="117" type="stmt" count="0"/>
      <line num="119" type="stmt" count="0"/>
      <line num="120" type="stmt" count="0"/>
      <line num="123" type="stmt" count="0"/>
      <line num="125" type="stmt" count="0"/>
      <metrics loc="127" ncloc="116" classes="1" methods="3" coveredmethods="0" conditionals="0" coveredconditionals="0" statements="44" coveredstatements="0" elements="47" coveredelements="0"/>
    </file>
    <file name="/srv/api/src/Controller/UserController.php">
      <class name="App\Controller\UserController" namespace="global">
        <metrics complexity="2" methods="2" coveredmethods="0" conditionals="0" coveredconditionals="0" statements="2" coveredstatements="0" elements="4" coveredelements="0"/>
      </class>
      <line num="24" type="method" name="login" visibility="public" complexity="1" crap="2" count="0"/>
      <line num="26" type="stmt" count="0"/>
      <line num="33" type="method" name="logout" visibility="public" complexity="1" crap="2" count="0"/>
      <line num="35" type="stmt" count="0"/>
      <metrics loc="37" ncloc="25" classes="1" methods="2" coveredmethods="0" conditionals="0" coveredconditionals="0" statements="2" coveredstatements="0" elements="4" coveredelements="0"/>
    </file>
    <file name="/srv/api/src/DataFixtures/AppFixtures.php">
      <class name="App\DataFixtures\AppFixtures" namespace="global">
        <metrics complexity="39" methods="7" coveredmethods="0" conditionals="0" coveredconditionals="0" statements="295" coveredstatements="0" elements="302" coveredelements="0"/>
      </class>
      <line num="28" type="method" name="__construct" visibility="public" complexity="1" crap="2" count="0"/>
      <line num="30" type="stmt" count="0"/>
      <line num="32" type="stmt" count="0"/>
      <line num="34" type="method" name="load" visibility="public" complexity="11" crap="132" count="0"/>
      <line num="40" type="stmt" count="0"/>
      <line num="41" type="stmt" count="0"/>
      <line num="42" type="stmt" count="0"/>
      <line num="43" type="stmt" count="0"/>
      <line num="44" type="stmt" count="0"/>
      <line num="45" type="stmt" count="0"/>
      <line num="47" type="stmt" count="0"/>
      <line num="48" type="stmt" count="0"/>
      <line num="50" type="stmt" count="0"/>
      <line num="52" type="stmt" count="0"/>
      <line num="53" type="stmt" count="0"/>
      <line num="55" type="stmt" count="0"/>
      <line num="58" type="stmt" count="0"/>
      <line num="59" type="stmt" count="0"/>
      <line num="60" type="stmt" count="0"/>
      <line num="61" type="stmt" count="0"/>
      <line num="62" type="stmt" count="0"/>
      <line num="63" type="stmt" count="0"/>
      <line num="65" type="stmt" count="0"/>
      <line num="73" type="stmt" count="0"/>
      <line num="74" type="stmt" count="0"/>
      <line num="75" type="stmt" count="0"/>
      <line num="76" type="stmt" count="0"/>
      <line num="79" type="stmt" count="0"/>
      <line num="80" type="stmt" count="0"/>
      <line num="81" type="stmt" count="0"/>
      <line num="82" type="stmt" count="0"/>
      <line num="85" type="stmt" count="0"/>
      <line num="86" type="stmt" count="0"/>
      <line num="87" type="stmt" count="0"/>
      <line num="88" type="stmt" count="0"/>
      <line num="89" type="stmt" count="0"/>
      <line num="90" type="stmt" count="0"/>
      <line num="91" type="stmt" count="0"/>
      <line num="94" type="stmt" count="0"/>
      <line num="95" type="stmt" count="0"/>
      <line num="96" type="stmt" count="0"/>
      <line num="97" type="stmt" count="0"/>
      <line num="98" type="stmt" count="0"/>
      <line num="99" type="stmt" count="0"/>
      <line num="100" type="stmt" count="0"/>
      <line num="103" type="stmt" count="0"/>
      <line num="104" type="stmt" count="0"/>
      <line num="105" type="stmt" count="0"/>
      <line num="107" type="stmt" count="0"/>
      <line num="114" type="stmt" count="0"/>
      <line num="115" type="stmt" count="0"/>
      <line num="116" type="stmt" count="0"/>
      <line num="117" type="stmt" count="0"/>
      <line num="120" type="stmt" count="0"/>
      <line num="121" type="stmt" count="0"/>
      <line num="122" type="stmt" count="0"/>
      <line num="123" type="stmt" count="0"/>
      <line num="126" type="stmt" count="0"/>
      <line num="127" type="stmt" count="0"/>
      <line num="128" type="stmt" count="0"/>
      <line num="129" type="stmt" count="0"/>
      <line num="130" type="stmt" count="0"/>
      <line num="131" type="stmt" count="0"/>
      <line num="132" type="stmt" count="0"/>
      <line num="135" type="stmt" count="0"/>
      <line num="136" type="stmt" count="0"/>
      <line num="137" type="stmt" count="0"/>
      <line num="138" type="stmt" count="0"/>
      <line num="139" type="stmt" count="0"/>
      <line num="140" type="stmt" count="0"/>
      <line num="141" type="stmt" count="0"/>
      <line num="144" type="stmt" count="0"/>
      <line num="145" type="stmt" count="0"/>
      <line num="146" type="stmt" count="0"/>
      <line num="148" type="stmt" count="0"/>
      <line num="155" type="stmt" count="0"/>
      <line num="156" type="stmt" count="0"/>
      <line num="157" type="stmt" count="0"/>
      <line num="158" type="stmt" count="0"/>
      <line num="161" type="stmt" count="0"/>
      <line num="162" type="stmt" count="0"/>
      <line num="163" type="stmt" count="0"/>
      <line num="164" type="stmt" count="0"/>
      <line num="167" type="stmt" count="0"/>
      <line num="168" type="stmt" count="0"/>
      <line num="169" type="stmt" count="0"/>
      <line num="170" type="stmt" count="0"/>
      <line num="171" type="stmt" count="0"/>
      <line num="172" type="stmt" count="0"/>
      <line num="173" type="stmt" count="0"/>
      <line num="176" type="stmt" count="0"/>
      <line num="177" type="stmt" count="0"/>
      <line num="178" type="stmt" count="0"/>
      <line num="179" type="stmt" count="0"/>
      <line num="180" type="stmt" count="0"/>
      <line num="181" type="stmt" count="0"/>
      <line num="182" type="stmt" count="0"/>
      <line num="185" type="stmt" count="0"/>
      <line num="186" type="stmt" count="0"/>
      <line num="187" type="stmt" count="0"/>
      <line num="189" type="stmt" count="0"/>
      <line num="192" type="stmt" count="0"/>
      <line num="193" type="stmt" count="0"/>
      <line num="194" type="stmt" count="0"/>
      <line num="195" type="stmt" count="0"/>
      <line num="196" type="stmt" count="0"/>
      <line num="197" type="stmt" count="0"/>
      <line num="198" type="stmt" count="0"/>
      <line num="199" type="stmt" count="0"/>
      <line num="200" type="stmt" count="0"/>
      <line num="201" type="stmt" count="0"/>
      <line num="202" type="stmt" count="0"/>
      <line num="203" type="stmt" count="0"/>
      <line num="206" type="stmt" count="0"/>
      <line num="207" type="stmt" count="0"/>
      <line num="208" type="stmt" count="0"/>
      <line num="209" type="stmt" count="0"/>
      <line num="210" type="stmt" count="0"/>
      <line num="211" type="stmt" count="0"/>
      <line num="212" type="stmt" count="0"/>
      <line num="213" type="stmt" count="0"/>
      <line num="214" type="stmt" count="0"/>
      <line num="215" type="stmt" count="0"/>
      <line num="216" type="stmt" count="0"/>
      <line num="217" type="stmt" count="0"/>
      <line num="219" type="stmt" count="0"/>
      <line num="220" type="stmt" count="0"/>
      <line num="222" type="stmt" count="0"/>
      <line num="223" type="stmt" count="0"/>
      <line num="224" type="stmt" count="0"/>
      <line num="225" type="stmt" count="0"/>
      <line num="226" type="stmt" count="0"/>
      <line num="228" type="stmt" count="0"/>
      <line num="229" type="stmt" count="0"/>
      <line num="234" type="stmt" count="0"/>
      <line num="235" type="stmt" count="0"/>
      <line num="236" type="stmt" count="0"/>
      <line num="237" type="stmt" count="0"/>
      <line num="238" type="stmt" count="0"/>
      <line num="239" type="stmt" count="0"/>
      <line num="241" type="stmt" count="0"/>
      <line num="242" type="stmt" count="0"/>
      <line num="244" type="method" name="createReader" visibility="public" complexity="1" crap="2" count="0"/>
      <line num="246" type="stmt" count="0"/>
      <line num="247" type="stmt" count="0"/>
      <line num="249" type="stmt" count="0"/>
      <line num="252" type="method" name="loadXlsx" visibility="public" complexity="2" crap="6" count="0"/>
      <line num="254" type="stmt" count="0"/>
      <line num="257" type="stmt" count="0"/>
      <line num="258" type="stmt" count="0"/>
      <line num="261" type="stmt" count="0"/>
      <line num="264" type="method" name="iterateSpreadSheet" visibility="public" complexity="22" crap="506" count="0"/>
      <line num="268" type="stmt" count="0"/>
      <line num="269" type="stmt" count="0"/>
      <line num="272" type="stmt" count="0"/>
      <line num="274" type="stmt" count="0"/>
      <line num="275" type="stmt" count="0"/>
      <line num="276" type="stmt" count="0"/>
      <line num="277" type="stmt" count="0"/>
      <line num="278" type="stmt" count="0"/>
      <line num="279" type="stmt" count="0"/>
      <line num="282" type="stmt" count="0"/>
      <line num="283" type="stmt" count="0"/>
      <line num="285" type="stmt" count="0"/>
      <line num="286" type="stmt" count="0"/>
      <line num="289" type="stmt" count="0"/>
      <line num="291" type="stmt" count="0"/>
      <line num="292" type="stmt" count="0"/>
      <line num="295" type="stmt" count="0"/>
      <line num="296" type="stmt" count="0"/>
      <line num="297" type="stmt" count="0"/>
      <line num="298" type="stmt" count="0"/>
      <line num="300" type="stmt" count="0"/>
      <line num="302" type="stmt" count="0"/>
      <line num="303" type="stmt" count="0"/>
      <line num="304" type="stmt" count="0"/>
      <line num="305" type="stmt" count="0"/>
      <line num="306" type="stmt" count="0"/>
      <line num="307" type="stmt" count="0"/>
      <line num="308" type="stmt" count="0"/>
      <line num="309" type="stmt" count="0"/>
      <line num="312" type="stmt" count="0"/>
      <line num="313" type="stmt" count="0"/>
      <line num="314" type="stmt" count="0"/>
      <line num="315" type="stmt" count="0"/>
      <line num="316" type="stmt" count="0"/>
      <line num="317" type="stmt" count="0"/>
      <line num="318" type="stmt" count="0"/>
      <line num="319" type="stmt" count="0"/>
      <line num="321" type="stmt" count="0"/>
      <line num="322" type="stmt" count="0"/>
      <line num="323" type="stmt" count="0"/>
      <line num="324" type="stmt" count="0"/>
      <line num="325" type="stmt" count="0"/>
      <line num="326" type="stmt" count="0"/>
      <line num="328" type="stmt" count="0"/>
      <line num="329" type="stmt" count="0"/>
      <line num="332" type="stmt" count="0"/>
      <line num="334" type="stmt" count="0"/>
      <line num="335" type="stmt" count="0"/>
      <line num="337" type="stmt" count="0"/>
      <line num="338" type="stmt" count="0"/>
      <line num="339" type="stmt" count="0"/>
      <line num="348" type="stmt" count="0"/>
      <line num="349" type="stmt" count="0"/>
      <line num="350" type="stmt" count="0"/>
      <line num="352" type="stmt" count="0"/>
      <line num="353" type="stmt" count="0"/>
      <line num="355" type="stmt" count="0"/>
      <line num="356" type="stmt" count="0"/>
      <line num="358" type="stmt" count="0"/>
      <line num="360" type="stmt" count="0"/>
      <line num="361" type="stmt" count="0"/>
      <line num="363" type="stmt" count="0"/>
      <line num="364" type="stmt" count="0"/>
      <line num="365" type="stmt" count="0"/>
      <line num="366" type="stmt" count="0"/>
      <line num="367" type="stmt" count="0"/>
      <line num="368" type="stmt" count="0"/>
      <line num="369" type="stmt" count="0"/>
      <line num="370" type="stmt" count="0"/>
      <line num="372" type="stmt" count="0"/>
      <line num="373" type="stmt" count="0"/>
      <line num="374" type="stmt" count="0"/>
      <line num="377" type="stmt" count="0"/>
      <line num="379" type="stmt" count="0"/>
      <line num="380" type="stmt" count="0"/>
      <line num="382" type="stmt" count="0"/>
      <line num="383" type="stmt" count="0"/>
      <line num="385" type="stmt" count="0"/>
      <line num="386" type="stmt" count="0"/>
      <line num="387" type="stmt" count="0"/>
      <line num="388" type="stmt" count="0"/>
      <line num="389" type="stmt" count="0"/>
      <line num="391" type="stmt" count="0"/>
      <line num="392" type="stmt" count="0"/>
      <line num="394" type="stmt" count="0"/>
      <line num="395" type="stmt" count="0"/>
      <line num="397" type="stmt" count="0"/>
      <line num="399" type="stmt" count="0"/>
      <line num="401" type="stmt" count="0"/>
      <line num="402" type="stmt" count="0"/>
      <line num="403" type="stmt" count="0"/>
      <line num="404" type="stmt" count="0"/>
      <line num="405" type="stmt" count="0"/>
      <line num="406" type="stmt" count="0"/>
      <line num="407" type="stmt" count="0"/>
      <line num="408" type="stmt" count="0"/>
      <line num="410" type="stmt" count="0"/>
      <line num="411" type="stmt" count="0"/>
      <line num="412" type="stmt" count="0"/>
      <line num="415" type="stmt" count="0"/>
      <line num="417" type="stmt" count="0"/>
      <line num="418" type="stmt" count="0"/>
      <line num="420" type="stmt" count="0"/>
      <line num="421" type="stmt" count="0"/>
      <line num="424" type="stmt" count="0"/>
      <line num="425" type="stmt" count="0"/>
      <line num="426" type="stmt" count="0"/>
      <line num="427" type="stmt" count="0"/>
      <line num="428" type="stmt" count="0"/>
      <line num="430" type="stmt" count="0"/>
      <line num="431" type="stmt" count="0"/>
      <line num="433" type="stmt" count="0"/>
      <line num="434" type="stmt" count="0"/>
      <line num="436" type="stmt" count="0"/>
      <line num="438" type="stmt" count="0"/>
      <line num="440" type="stmt" count="0"/>
      <line num="441" type="stmt" count="0"/>
      <line num="442" type="stmt" count="0"/>
      <line num="443" type="stmt" count="0"/>
      <line num="444" type="stmt" count="0"/>
      <line num="445" type="stmt" count="0"/>
      <line num="446" type="stmt" count="0"/>
      <line num="447" type="stmt" count="0"/>
      <line num="449" type="stmt" count="0"/>
      <line num="450" type="stmt" count="0"/>
      <line num="452" type="stmt" count="0"/>
      <line num="453" type="stmt" count="0"/>
      <line num="454" type="stmt" count="0"/>
      <line num="457" type="stmt" count="0"/>
      <line num="459" type="stmt" count="0"/>
      <line num="460" type="stmt" count="0"/>
      <line num="462" type="stmt" count="0"/>
      <line num="463" type="stmt" count="0"/>
      <line num="467" type="stmt" count="0"/>
      <line num="468" type="stmt" count="0"/>
      <line num="469" type="stmt" count="0"/>
      <line num="470" type="stmt" count="0"/>
      <line num="473" type="stmt" count="0"/>
      <line num="475" type="method" name="iterateSpreadSheets" visibility="public" complexity="1" crap="2" count="0"/>
      <line num="477" type="stmt" count="0"/>
      <line num="478" type="stmt" count="0"/>
      <line num="480" type="stmt" count="0"/>
      <line num="481" type="stmt" count="0"/>
      <line num="482" type="stmt" count="0"/>
      <line num="483" type="stmt" count="0"/>
      <line num="484" type="stmt" count="0"/>
      <line num="485" type="stmt" count="0"/>
      <line num="487" type="method" name="loadFromExcel" visibility="public" complexity="1" crap="2" count="0"/>
      <line num="489" type="stmt" count="0"/>
      <line num="490" type="stmt" count="0"/>
      <metrics loc="491" ncloc="435" classes="1" methods="7" coveredmethods="0" conditionals="0" coveredconditionals="0" statements="295" coveredstatements="0" elements="302" coveredelements="0"/>
    </file>
    <file name="/srv/api/src/DataFixtures/BZKFixtures.php">
      <class name="App\DataFixtures\BZKFixtures" namespace="global">
        <metrics complexity="56" methods="7" coveredmethods="0" conditionals="0" coveredconditionals="0" statements="258" coveredstatements="0" elements="265" coveredelements="0"/>
      </class>
      <line num="37" type="method" name="__construct" visibility="public" complexity="1" crap="2" count="0"/>
      <line num="39" type="stmt" count="0"/>
      <line num="40" type="stmt" count="0"/>
      <line num="41" type="stmt" count="0"/>
      <line num="43" type="stmt" count="0"/>
      <line num="45" type="method" name="load" visibility="public" complexity="3" crap="12" count="0"/>
      <line num="47" type="stmt" count="0"/>
      <line num="52" type="stmt" count="0"/>
      <line num="53" type="stmt" count="0"/>
      <line num="55" type="stmt" count="0"/>
      <line num="57" type="method" name="createReader" visibility="public" complexity="1" crap="2" count="0"/>
      <line num="59" type="stmt" count="0"/>
      <line num="60" type="stmt" count="0"/>
      <line num="62" type="stmt" count="0"/>
      <line num="65" type="method" name="loadXlsx" visibility="public" complexity="2" crap="6" count="0"/>
      <line num="67" type="stmt" count="0"/>
      <line num="70" type="stmt" count="0"/>
      <line num="71" type="stmt" count="0"/>
      <line num="74" type="stmt" count="0"/>
      <line num="77" type="method" name="iterateSpreadSheet" visibility="public" complexity="47" crap="2256" count="0"/>
      <line num="79" type="stmt" count="0"/>
      <line num="80" type="stmt" count="0"/>
      <line num="81" type="stmt" count="0"/>
      <line num="83" type="stmt" count="0"/>
      <line num="84" type="stmt" count="0"/>
      <line num="85" type="stmt" count="0"/>
      <line num="86" type="stmt" count="0"/>
      <line num="87" type="stmt" count="0"/>
      <line num="88" type="stmt" count="0"/>
      <line num="89" type="stmt" count="0"/>
      <line num="90" type="stmt" count="0"/>
      <line num="92" type="stmt" count="0"/>
      <line num="93" type="stmt" count="0"/>
      <line num="96" type="stmt" count="0"/>
      <line num="98" type="stmt" count="0"/>
      <line num="99" type="stmt" count="0"/>
      <line num="101" type="stmt" count="0"/>
      <line num="102" type="stmt" count="0"/>
      <line num="103" type="stmt" count="0"/>
      <line num="104" type="stmt" count="0"/>
      <line num="106" type="stmt" count="0"/>
      <line num="109" type="stmt" count="0"/>
      <line num="111" type="stmt" count="0"/>
      <line num="112" type="stmt" count="0"/>
      <line num="113" type="stmt" count="0"/>
      <line num="114" type="stmt" count="0"/>
      <line num="115" type="stmt" count="0"/>
      <line num="116" type="stmt" count="0"/>
      <line num="118" type="stmt" count="0"/>
      <line num="120" type="stmt" count="0"/>
      <line num="121" type="stmt" count="0"/>
      <line num="123" type="stmt" count="0"/>
      <line num="124" type="stmt" count="0"/>
      <line num="125" type="stmt" count="0"/>
      <line num="128" type="stmt" count="0"/>
      <line num="129" type="stmt" count="0"/>
      <line num="130" type="stmt" count="0"/>
      <line num="131" type="stmt" count="0"/>
      <line num="132" type="stmt" count="0"/>
      <line num="134" type="stmt" count="0"/>
      <line num="136" type="stmt" count="0"/>
      <line num="137" type="stmt" count="0"/>
      <line num="138" type="stmt" count="0"/>
      <line num="139" type="stmt" count="0"/>
      <line num="140" type="stmt" count="0"/>
      <line num="142" type="stmt" count="0"/>
      <line num="143" type="stmt" count="0"/>
      <line num="144" type="stmt" count="0"/>
      <line num="147" type="stmt" count="0"/>
      <line num="149" type="stmt" count="0"/>
      <line num="151" type="stmt" count="0"/>
      <line num="152" type="stmt" count="0"/>
      <line num="155" type="stmt" count="0"/>
      <line num="156" type="stmt" count="0"/>
      <line num="157" type="stmt" count="0"/>
      <line num="158" type="stmt" count="0"/>
      <line num="159" type="stmt" count="0"/>
      <line num="160" type="stmt" count="0"/>
      <line num="162" type="stmt" count="0"/>
      <line num="163" type="stmt" count="0"/>
      <line num="164" type="stmt" count="0"/>
      <line num="166" type="stmt" count="0"/>
      <line num="167" type="stmt" count="0"/>
      <line num="169" type="stmt" count="0"/>
      <line num="171" type="stmt" count="0"/>
      <line num="172" type="stmt" count="0"/>
      <line num="173" type="stmt" count="0"/>
      <line num="174" type="stmt" count="0"/>
      <line num="175" type="stmt" count="0"/>
      <line num="176" type="stmt" count="0"/>
      <line num="177" type="stmt" count="0"/>
      <line num="178" type="stmt" count="0"/>
      <line num="180" type="stmt" count="0"/>
      <line num="183" type="stmt" count="0"/>
      <line num="184" type="stmt" count="0"/>
      <line num="186" type="stmt" count="0"/>
      <line num="188" type="stmt" count="0"/>
      <line num="189" type="stmt" count="0"/>
      <line num="191" type="stmt" count="0"/>
      <line num="192" type="stmt" count="0"/>
      <line num="193" type="stmt" count="0"/>
      <line num="194" type="stmt" count="0"/>
      <line num="195" type="stmt" count="0"/>
      <line num="196" type="stmt" count="0"/>
      <line num="197" type="stmt" count="0"/>
      <line num="198" type="stmt" count="0"/>
      <line num="201" type="stmt" count="0"/>
      <line num="202" type="stmt" count="0"/>
      <line num="203" type="stmt" count="0"/>
      <line num="204" type="stmt" count="0"/>
      <line num="207" type="stmt" count="0"/>
      <line num="208" type="stmt" count="0"/>
      <line num="210" type="stmt" count="0"/>
      <line num="211" type="stmt" count="0"/>
      <line num="213" type="stmt" count="0"/>
      <line num="214" type="stmt" count="0"/>
      <line num="216" type="stmt" count="0"/>
      <line num="218" type="stmt" count="0"/>
      <line num="220" type="stmt" count="0"/>
      <line num="221" type="stmt" count="0"/>
      <line num="222" type="stmt" count="0"/>
      <line num="223" type="stmt" count="0"/>
      <line num="224" type="stmt" count="0"/>
      <line num="225" type="stmt" count="0"/>
      <line num="226" type="stmt" count="0"/>
      <line num="227" type="stmt" count="0"/>
      <line num="228" type="stmt" count="0"/>
      <line num="230" type="stmt" count="0"/>
      <line num="231" type="stmt" count="0"/>
      <line num="232" type="stmt" count="0"/>
      <line num="234" type="stmt" count="0"/>
      <line num="235" type="stmt" count="0"/>
      <line num="237" type="stmt" count="0"/>
      <line num="239" type="stmt" count="0"/>
      <line num="241" type="stmt" count="0"/>
      <line num="242" type="stmt" count="0"/>
      <line num="243" type="stmt" count="0"/>
      <line num="246" type="stmt" count="0"/>
      <line num="247" type="stmt" count="0"/>
      <line num="248" type="stmt" count="0"/>
      <line num="250" type="stmt" count="0"/>
      <line num="251" type="stmt" count="0"/>
      <line num="252" type="stmt" count="0"/>
      <line num="255" type="stmt" count="0"/>
      <line num="256" type="stmt" count="0"/>
      <line num="258" type="stmt" count="0"/>
      <line num="259" type="stmt" count="0"/>
      <line num="261" type="stmt" count="0"/>
      <line num="262" type="stmt" count="0"/>
      <line num="264" type="stmt" count="0"/>
      <line num="265" type="stmt" count="0"/>
      <line num="267" type="stmt" count="0"/>
      <line num="269" type="stmt" count="0"/>
      <line num="271" type="stmt" count="0"/>
      <line num="272" type="stmt" count="0"/>
      <line num="274" type="stmt" count="0"/>
      <line num="275" type="stmt" count="0"/>
      <line num="276" type="stmt" count="0"/>
      <line num="278" type="stmt" count="0"/>
      <line num="279" type="stmt" count="0"/>
      <line num="280" type="stmt" count="0"/>
      <line num="281" type="stmt" count="0"/>
      <line num="283" type="stmt" count="0"/>
      <line num="284" type="stmt" count="0"/>
      <line num="285" type="stmt" count="0"/>
      <line num="287" type="stmt" count="0"/>
      <line num="288" type="stmt" count="0"/>
      <line num="290" type="stmt" count="0"/>
      <line num="292" type="stmt" count="0"/>
      <line num="294" type="stmt" count="0"/>
      <line num="295" type="stmt" count="0"/>
      <line num="296" type="stmt" count="0"/>
      <line num="299" type="stmt" count="0"/>
      <line num="300" type="stmt" count="0"/>
      <line num="301" type="stmt" count="0"/>
      <line num="303" type="stmt" count="0"/>
      <line num="304" type="stmt" count="0"/>
      <line num="305" type="stmt" count="0"/>
      <line num="308" type="stmt" count="0"/>
      <line num="309" type="stmt" count="0"/>
      <line num="311" type="stmt" count="0"/>
      <line num="312" type="stmt" count="0"/>
      <line num="314" type="stmt" count="0"/>
      <line num="315" type="stmt" count="0"/>
      <line num="317" type="stmt" count="0"/>
      <line num="318" type="stmt" count="0"/>
      <line num="320" type="stmt" count="0"/>
      <line num="322" type="stmt" count="0"/>
      <line num="324" type="stmt" count="0"/>
      <line num="325" type="stmt" count="0"/>
      <line num="326" type="stmt" count="0"/>
      <line num="327" type="stmt" count="0"/>
      <line num="328" type="stmt" count="0"/>
      <line num="329" type="stmt" count="0"/>
      <line num="330" type="stmt" count="0"/>
      <line num="331" type="stmt" count="0"/>
      <line num="332" type="stmt" count="0"/>
      <line num="334" type="stmt" count="0"/>
      <line num="335" type="stmt" count="0"/>
      <line num="336" type="stmt" count="0"/>
      <line num="338" type="stmt" count="0"/>
      <line num="339" type="stmt" count="0"/>
      <line num="341" type="stmt" count="0"/>
      <line num="344" type="stmt" count="0"/>
      <line num="345" type="stmt" count="0"/>
      <line num="346" type="stmt" count="0"/>
      <line num="349" type="stmt" count="0"/>
      <line num="350" type="stmt" count="0"/>
      <line num="351" type="stmt" count="0"/>
      <line num="353" type="stmt" count="0"/>
      <line num="354" type="stmt" count="0"/>
      <line num="355" type="stmt" count="0"/>
      <line num="356" type="stmt" count="0"/>
      <line num="357" type="stmt" count="0"/>
      <line num="358" type="stmt" count="0"/>
      <line num="360" type="stmt" count="0"/>
      <line num="361" type="stmt" count="0"/>
      <line num="364" type="stmt" count="0"/>
      <line num="365" type="stmt" count="0"/>
      <line num="367" type="stmt" count="0"/>
      <line num="368" type="stmt" count="0"/>
      <line num="370" type="stmt" count="0"/>
      <line num="371" type="stmt" count="0"/>
      <line num="373" type="stmt" count="0"/>
      <line num="374" type="stmt" count="0"/>
      <line num="376" type="stmt" count="0"/>
      <line num="378" type="stmt" count="0"/>
      <line num="380" type="stmt" count="0"/>
      <line num="381" type="stmt" count="0"/>
      <line num="382" type="stmt" count="0"/>
      <line num="383" type="stmt" count="0"/>
      <line num="384" type="stmt" count="0"/>
      <line num="385" type="stmt" count="0"/>
      <line num="386" type="stmt" count="0"/>
      <line num="387" type="stmt" count="0"/>
      <line num="388" type="stmt" count="0"/>
      <line num="390" type="stmt" count="0"/>
      <line num="391" type="stmt" count="0"/>
      <line num="392" type="stmt" count="0"/>
      <line num="395" type="stmt" count="0"/>
      <line num="396" type="stmt" count="0"/>
      <line num="397" type="stmt" count="0"/>
      <line num="400" type="stmt" count="0"/>
      <line num="401" type="stmt" count="0"/>
      <line num="402" type="stmt" count="0"/>
      <line num="405" type="stmt" count="0"/>
      <line num="406" type="stmt" count="0"/>
      <line num="409" type="stmt" count="0"/>
      <line num="410" type="stmt" count="0"/>
      <line num="413" type="stmt" count="0"/>
      <line num="414" type="stmt" count="0"/>
      <line num="415" type="stmt" count="0"/>
      <line num="418" type="stmt" count="0"/>
      <line num="420" type="method" name="iterateSpreadSheets" visibility="public" complexity="1" crap="2" count="0"/>
      <line num="422" type="stmt" count="0"/>
      <line num="423" type="stmt" count="0"/>
      <line num="425" type="stmt" count="0"/>
      <line num="426" type="stmt" count="0"/>
      <line num="427" type="stmt" count="0"/>
      <line num="428" type="stmt" count="0"/>
      <line num="429" type="stmt" count="0"/>
      <line num="430" type="stmt" count="0"/>
      <line num="432" type="method" name="loadFromExcel" visibility="public" complexity="1" crap="2" count="0"/>
      <line num="434" type="stmt" count="0"/>
      <line num="435" type="stmt" count="0"/>
      <metrics loc="436" ncloc="429" classes="1" methods="7" coveredmethods="0" conditionals="0" coveredconditionals="0" statements="258" coveredstatements="0" elements="265" coveredelements="0"/>
    </file>
    <file name="/srv/api/src/Entity/AangaanHuwelijkPartnerschap.php">
      <class name="App\Entity\AangaanHuwelijkPartnerschap" namespace="global">
        <metrics complexity="13" methods="12" coveredmethods="0" conditionals="0" coveredconditionals="0" statements="19" coveredstatements="0" elements="31" coveredelements="0"/>
      </class>
      <line num="91" type="method" name="getId" visibility="public" complexity="1" crap="2" count="0"/>
      <line num="93" type="stmt" count="0"/>
      <line num="96" type="method" name="getUuid" visibility="public" complexity="1" crap="2" count="0"/>
      <line num="98" type="stmt" count="0"/>
      <line num="101" type="method" name="getDatum" visibility="public" complexity="1" crap="2" count="0"/>
      <line num="103" type="stmt" count="0"/>
      <line num="106" type="method" name="setDatum" visibility="public" complexity="1" crap="2" count="0"/>
      <line num="108" type="stmt" count="0"/>
      <line num="110" type="stmt" count="0"/>
      <line num="113" type="method" name="getLand" visibility="public" complexity="1" crap="2" count="0"/>
      <line num="115" type="stmt" count="0"/>
      <line num="118" type="method" name="setLand" visibility="public" complexity="1" crap="2" count="0"/>
      <line num="120" type="stmt" count="0"/>
      <line num="122" type="stmt" count="0"/>
      <line num="125" type="method" name="getPlaats" visibility="public" complexity="1" crap="2" count="0"/>
      <line num="127" type="stmt" count="0"/>
      <line num="130" type="method" name="setPlaats" visibility="public" complexity="1" crap="2" count="0"/>
      <line num="132" type="stmt" count="0"/>
      <line num="134" type="stmt" count="0"/>
      <line num="137" type="method" name="getInOnderzoek" visibility="public" complexity="1" crap="2" count="0"/>
      <line num="139" type="stmt" count="0"/>
      <line num="142" type="method" name="setInOnderzoek" visibility="public" complexity="1" crap="2" count="0"/>
      <line num="144" type="stmt" count="0"/>
      <line num="146" type="stmt" count="0"/>
      <line num="149" type="method" name="getPartner" visibility="public" complexity="1" crap="2" count="0"/>
      <line num="151" type="stmt" count="0"/>
      <line num="154" type="method" name="setPartner" visibility="public" complexity="2" crap="6" count="0"/>
      <line num="156" type="stmt" count="0"/>
      <line num="159" type="stmt" count="0"/>
      <line num="160" type="stmt" count="0"/>
      <line num="163" type="stmt" count="0"/>
      <metrics loc="165" ncloc="99" classes="1" methods="12" coveredmethods="0" conditionals="0" coveredconditionals="0" statements="19" coveredstatements="0" elements="31" coveredelements="0"/>
    </file>
    <file name="/srv/api/src/Entity/Geboorte.php">
      <class name="App\Entity\Geboorte" namespace="global">
        <metrics complexity="17" methods="14" coveredmethods="0" conditionals="0" coveredconditionals="0" statements="26" coveredstatements="0" elements="40" coveredelements="0"/>
      </class>
      <line num="97" type="method" name="__construct" visibility="public" complexity="1" crap="2" count="0"/>
      <line num="99" type="stmt" count="0"/>
      <line num="100" type="stmt" count="0"/>
      <line num="103" type="method" name="getId" visibility="public" complexity="1" crap="2" count="0"/>
      <line num="105" type="stmt" count="0"/>
      <line num="108" type="method" name="getUuid" visibility="public" complexity="1" crap="2" count="0"/>
      <line num="110" type="stmt" count="0"/>
      <line num="113" type="method" name="getDatum" visibility="public" complexity="1" crap="2" count="0"/>
      <line num="115" type="stmt" count="0"/>
      <line num="118" type="method" name="setDatum" visibility="public" complexity="1" crap="2" count="0"/>
      <line num="120" type="stmt" count="0"/>
      <line num="122" type="stmt" count="0"/>
      <line num="125" type="method" name="getLand" visibility="public" complexity="1" crap="2" count="0"/>
      <line num="127" type="stmt" count="0"/>
      <line num="130" type="method" name="setLand" visibility="public" complexity="1" crap="2" count="0"/>
      <line num="132" type="stmt" count="0"/>
      <line num="134" type="stmt" count="0"/>
      <line num="137" type="method" name="getPlaats" visibility="public" complexity="1" crap="2" count="0"/>
      <line num="139" type="stmt" count="0"/>
      <line num="142" type="method" name="setPlaats" visibility="public" complexity="1" crap="2" count="0"/>
      <line num="144" type="stmt" count="0"/>
      <line num="146" type="stmt" count="0"/>
      <line num="149" type="method" name="getInOnderzoek" visibility="public" complexity="1" crap="2" count="0"/>
      <line num="151" type="stmt" count="0"/>
      <line num="154" type="method" name="setInOnderzoek" visibility="public" complexity="1" crap="2" count="0"/>
      <line num="156" type="stmt" count="0"/>
      <line num="158" type="stmt" count="0"/>
      <line num="164" type="method" name="getIngeschrevenpersonen" visibility="public" complexity="1" crap="2" count="0"/>
      <line num="166" type="stmt" count="0"/>
      <line num="169" type="method" name="addIngeschrevenpersonen" visibility="public" complexity="2" crap="6" count="0"/>
      <line num="171" type="stmt" count="0"/>
      <line num="172" type="stmt" count="0"/>
      <line num="173" type="stmt" count="0"/>
      <line num="176" type="stmt" count="0"/>
      <line num="179" type="method" name="removeIngeschrevenpersonen" visibility="public" complexity="3" crap="12" count="0"/>
      <line num="181" type="stmt" count="0"/>
      <line num="182" type="stmt" count="0"/>
      <line num="184" type="stmt" count="0"/>
      <line num="185" type="stmt" count="0"/>
      <line num="189" type="stmt" count="0"/>
      <metrics loc="191" ncloc="120" classes="1" methods="14" coveredmethods="0" conditionals="0" coveredconditionals="0" statements="26" coveredstatements="0" elements="40" coveredelements="0"/>
    </file>
    <file name="/srv/api/src/Entity/Gezagsverhouding.php">
      <class name="App\Entity\Gezagsverhouding" namespace="global">
        <metrics complexity="12" methods="10" coveredmethods="0" conditionals="0" coveredconditionals="0" statements="17" coveredstatements="0" elements="27" coveredelements="0"/>
      </class>
      <line num="75" type="method" name="getId" visibility="public" complexity="1" crap="2" count="0"/>
      <line num="77" type="stmt" count="0"/>
      <line num="80" type="method" name="getUuid" visibility="public" complexity="1" crap="2" count="0"/>
      <line num="82" type="stmt" count="0"/>
      <line num="85" type="method" name="getIndicatieCurateleRegister" visibility="public" complexity="1" crap="2" count="0"/>
      <line num="87" type="stmt" count="0"/>
      <line num="90" type="method" name="setIndicatieCurateleRegister" visibility="public" complexity="1" crap="2" count="0"/>
      <line num="92" type="stmt" count="0"/>
      <line num="94" type="stmt" count="0"/>
      <line num="97" type="method" name="getIndicatieGezagMinderjarige" visibility="public" complexity="1" crap="2" count="0"/>
      <line num="99" type="stmt" count="0"/>
      <line num="102" type="method" name="setIndicatieGezagMinderjarige" visibility="public" complexity="1" crap="2" count="0"/>
      <line num="104" type="stmt" count="0"/>
      <line num="106" type="stmt" count="0"/>
      <line num="109" type="method" name="getInOnderzoek" visibility="public" complexity="1" crap="2" count="0"/>
      <line num="111" type="stmt" count="0"/>
      <line num="114" type="method" name="setInOnderzoek" visibility="public" complexity="1" crap="2" count="0"/>
      <line num="116" type="stmt" count="0"/>
      <line num="118" type="stmt" count="0"/>
      <line num="121" type="method" name="getIngeschrevenpersoon" visibility="public" complexity="1" crap="2" count="0"/>
      <line num="123" type="stmt" count="0"/>
      <line num="126" type="method" name="setIngeschrevenpersoon" visibility="public" complexity="3" crap="12" count="0"/>
      <line num="128" type="stmt" count="0"/>
      <line num="131" type="stmt" count="0"/>
      <line num="132" type="stmt" count="0"/>
      <line num="133" type="stmt" count="0"/>
      <line num="136" type="stmt" count="0"/>
      <metrics loc="138" ncloc="87" classes="1" methods="10" coveredmethods="0" conditionals="0" coveredconditionals="0" statements="17" coveredstatements="0" elements="27" coveredelements="0"/>
    </file>
    <file name="/srv/api/src/Entity/Ingeschrevenpersoon.php">
      <class name="App\Entity\Ingeschrevenpersoon" namespace="global">
        <metrics complexity="54" methods="42" coveredmethods="0" conditionals="0" coveredconditionals="0" statements="88" coveredstatements="0" elements="130" coveredelements="0"/>
      </class>
      <line num="343" type="method" name="__construct" visibility="public" complexity="1" crap="2" count="0"/>
      <line num="345" type="stmt" count="0"/>
      <line num="346" type="stmt" count="0"/>
      <line num="347" type="stmt" count="0"/>
      <line num="348" type="stmt" count="0"/>
      <line num="349" type="stmt" count="0"/>
      <line num="352" type="method" name="getId" visibility="public" complexity="1" crap="2" count="0"/>
      <line num="354" type="stmt" count="0"/>
      <line num="357" type="method" name="getBurgerservicenummer" visibility="public" complexity="1" crap="2" count="0"/>
      <line num="359" type="stmt" count="0"/>
      <line num="362" type="method" name="setBurgerservicenummer" visibility="public" complexity="1" crap="2" count="0"/>
      <line num="364" type="stmt" count="0"/>
      <line num="366" type="stmt" count="0"/>
      <line num="369" type="method" name="getGeheimhoudingPersoonsgegevens" visibility="public" complexity="1" crap="2" count="0"/>
      <line num="371" type="stmt" count="0"/>
      <line num="374" type="method" name="setGeheimhoudingPersoonsgegevens" visibility="public" complexity="1" crap="2" count="0"/>
      <line num="376" type="stmt" count="0"/>
      <line num="378" type="stmt" count="0"/>
      <line num="381" type="method" name="getGeslachtsaanduiding" visibility="public" complexity="1" crap="2" count="0"/>
      <line num="383" type="stmt" count="0"/>
      <line num="386" type="method" name="setGeslachtsaanduiding" visibility="public" complexity="1" crap="2" count="0"/>
      <line num="388" type="stmt" count="0"/>
      <line num="390" type="stmt" count="0"/>
      <line num="393" type="method" name="getLeeftijd" visibility="public" complexity="1" crap="2" count="0"/>
      <line num="395" type="stmt" count="0"/>
      <line num="398" type="method" name="setLeeftijd" visibility="public" complexity="1" crap="2" count="0"/>
      <line num="400" type="stmt" count="0"/>
      <line num="402" type="stmt" count="0"/>
      <line num="405" type="method" name="getDatumEersteInschrijvingGBA" visibility="public" complexity="1" crap="2" count="0"/>
      <line num="407" type="stmt" count="0"/>
      <line num="410" type="method" name="setDatumEersteInschrijvingGBA" visibility="public" complexity="1" crap="2" count="0"/>
      <line num="412" type="stmt" count="0"/>
      <line num="414" type="stmt" count="0"/>
      <line num="417" type="method" name="getKiesrecht" visibility="public" complexity="1" crap="2" count="0"/>
      <line num="419" type="stmt" count="0"/>
      <line num="422" type="method" name="setKiesrecht" visibility="public" complexity="1" crap="2" count="0"/>
      <line num="424" type="stmt" count="0"/>
      <line num="426" type="stmt" count="0"/>
      <line num="429" type="method" name="getInOnderzoek" visibility="public" complexity="1" crap="2" count="0"/>
      <line num="431" type="stmt" count="0"/>
      <line num="434" type="method" name="setInOnderzoek" visibility="public" complexity="1" crap="2" count="0"/>
      <line num="436" type="stmt" count="0"/>
      <line num="438" type="stmt" count="0"/>
      <line num="444" type="method" name="getNationaliteit" visibility="public" complexity="1" crap="2" count="0"/>
      <line num="446" type="stmt" count="0"/>
      <line num="449" type="method" name="addNationaliteit" visibility="public" complexity="2" crap="6" count="0"/>
      <line num="451" type="stmt" count="0"/>
      <line num="452" type="stmt" count="0"/>
      <line num="453" type="stmt" count="0"/>
      <line num="456" type="stmt" count="0"/>
      <line num="459" type="method" name="removeNationaliteit" visibility="public" complexity="3" crap="12" count="0"/>
      <line num="461" type="stmt" count="0"/>
      <line num="462" type="stmt" count="0"/>
      <line num="464" type="stmt" count="0"/>
      <line num="465" type="stmt" count="0"/>
      <line num="469" type="stmt" count="0"/>
      <line num="472" type="method" name="getOpschortingBijhouding" visibility="public" complexity="1" crap="2" count="0"/>
      <line num="474" type="stmt" count="0"/>
      <line num="477" type="method" name="setOpschortingBijhouding" visibility="public" complexity="1" crap="2" count="0"/>
      <line num="479" type="stmt" count="0"/>
      <line num="481" type="stmt" count="0"/>
      <line num="484" type="method" name="getOverlijden" visibility="public" complexity="1" crap="2" count="0"/>
      <line num="486" type="stmt" count="0"/>
      <line num="489" type="method" name="setOverlijden" visibility="public" complexity="1" crap="2" count="0"/>
      <line num="491" type="stmt" count="0"/>
      <line num="493" type="stmt" count="0"/>
      <line num="496" type="method" name="getVerblijfplaats" visibility="public" complexity="1" crap="2" count="0"/>
      <line num="498" type="stmt" count="0"/>
      <line num="501" type="method" name="setVerblijfplaats" visibility="public" complexity="1" crap="2" count="0"/>
      <line num="503" type="stmt" count="0"/>
      <line num="505" type="stmt" count="0"/>
      <line num="508" type="method" name="getGezagsverhouding" visibility="public" complexity="1" crap="2" count="0"/>
      <line num="510" type="stmt" count="0"/>
      <line num="513" type="method" name="setGezagsverhouding" visibility="public" complexity="1" crap="2" count="0"/>
      <line num="515" type="stmt" count="0"/>
      <line num="517" type="stmt" count="0"/>
      <line num="520" type="method" name="getVerblijfstitel" visibility="public" complexity="1" crap="2" count="0"/>
      <line num="522" type="stmt" count="0"/>
      <line num="525" type="method" name="setVerblijfstitel" visibility="public" complexity="1" crap="2" count="0"/>
      <line num="527" type="stmt" count="0"/>
      <line num="529" type="stmt" count="0"/>
      <line num="535" type="method" name="getOuders" visibility="public" complexity="1" crap="2" count="0"/>
      <line num="537" type="stmt" count="0"/>
      <line num="540" type="method" name="addOuder" visibility="public" complexity="2" crap="6" count="0"/>
      <line num="542" type="stmt" count="0"/>
      <line num="543" type="stmt" count="0"/>
      <line num="544" type="stmt" count="0"/>
      <line num="547" type="stmt" count="0"/>
      <line num="550" type="method" name="removeOuder" visibility="public" complexity="3" crap="12" count="0"/>
      <line num="552" type="stmt" count="0"/>
      <line num="553" type="stmt" count="0"/>
      <line num="555" type="stmt" count="0"/>
      <line num="556" type="stmt" count="0"/>
      <line num="560" type="stmt" count="0"/>
      <line num="566" type="method" name="getKinderen" visibility="public" complexity="1" crap="2" count="0"/>
      <line num="568" type="stmt" count="0"/>
      <line num="571" type="method" name="addKind" visibility="public" complexity="2" crap="6" count="0"/>
      <line num="573" type="stmt" count="0"/>
      <line num="574" type="stmt" count="0"/>
      <line num="575" type="stmt" count="0"/>
      <line num="578" type="stmt" count="0"/>
      <line num="581" type="method" name="removeKind" visibility="public" complexity="3" crap="12" count="0"/>
      <line num="583" type="stmt" count="0"/>
      <line num="584" type="stmt" count="0"/>
      <line num="586" type="stmt" count="0"/>
      <line num="587" type="stmt" count="0"/>
      <line num="591" type="stmt" count="0"/>
      <line num="597" type="method" name="getPartners" visibility="public" complexity="1" crap="2" count="0"/>
      <line num="599" type="stmt" count="0"/>
      <line num="602" type="method" name="addPartner" visibility="public" complexity="2" crap="6" count="0"/>
      <line num="604" type="stmt" count="0"/>
      <line num="605" type="stmt" count="0"/>
      <line num="606" type="stmt" count="0"/>
      <line num="609" type="stmt" count="0"/>
      <line num="612" type="method" name="removePartner" visibility="public" complexity="3" crap="12" count="0"/>
      <line num="614" type="stmt" count="0"/>
      <line num="615" type="stmt" count="0"/>
      <line num="617" type="stmt" count="0"/>
      <line num="618" type="stmt" count="0"/>
      <line num="622" type="stmt" count="0"/>
      <line num="625" type="method" name="getGeboorte" visibility="public" complexity="1" crap="2" count="0"/>
      <line num="627" type="stmt" count="0"/>
      <line num="630" type="method" name="setGeboorte" visibility="public" complexity="1" crap="2" count="0"/>
      <line num="632" type="stmt" count="0"/>
      <line num="634" type="stmt" count="0"/>
      <line num="637" type="method" name="getNaam" visibility="public" complexity="1" crap="2" count="0"/>
      <line num="639" type="stmt" count="0"/>
      <line num="642" type="method" name="setNaam" visibility="public" complexity="1" crap="2" count="0"/>
      <line num="644" type="stmt" count="0"/>
      <line num="646" type="stmt" count="0"/>
      <metrics loc="648" ncloc="346" classes="1" methods="42" coveredmethods="0" conditionals="0" coveredconditionals="0" statements="88" coveredstatements="0" elements="130" coveredelements="0"/>
    </file>
    <file name="/srv/api/src/Entity/Kind.php">
      <class name="App\Entity\Kind" namespace="global">
        <metrics complexity="15" methods="15" coveredmethods="0" conditionals="0" coveredconditionals="0" statements="21" coveredstatements="0" elements="36" coveredelements="0"/>
      </class>
      <line num="123" type="method" name="getId" visibility="public" complexity="1" crap="2" count="0"/>
      <line num="125" type="stmt" count="0"/>
      <line num="128" type="method" name="getUuid" visibility="public" complexity="1" crap="2" count="0"/>
      <line num="130" type="stmt" count="0"/>
      <line num="133" type="method" name="getBurgerservicenummer" visibility="public" complexity="1" crap="2" count="0"/>
      <line num="135" type="stmt" count="0"/>
      <line num="138" type="method" name="getBsn" visibility="public" complexity="1" crap="2" count="0"/>
      <line num="140" type="stmt" count="0"/>
      <line num="143" type="method" name="setBurgerservicenummer" visibility="public" complexity="1" crap="2" count="0"/>
      <line num="145" type="stmt" count="0"/>
      <line num="147" type="stmt" count="0"/>
      <line num="150" type="method" name="getLeeftijd" visibility="public" complexity="1" crap="2" count="0"/>
      <line num="152" type="stmt" count="0"/>
      <line num="155" type="method" name="setLeeftijd" visibility="public" complexity="1" crap="2" count="0"/>
      <line num="157" type="stmt" count="0"/>
      <line num="159" type="stmt" count="0"/>
      <line num="162" type="method" name="getInOnderzoek" visibility="public" complexity="1" crap="2" count="0"/>
      <line num="164" type="stmt" count="0"/>
      <line num="167" type="method" name="setInOnderzoek" visibility="public" complexity="1" crap="2" count="0"/>
      <line num="169" type="stmt" count="0"/>
      <line num="171" type="stmt" count="0"/>
      <line num="174" type="method" name="getNaam" visibility="public" complexity="1" crap="2" count="0"/>
      <line num="176" type="stmt" count="0"/>
      <line num="179" type="method" name="setNaam" visibility="public" complexity="1" crap="2" count="0"/>
      <line num="181" type="stmt" count="0"/>
      <line num="183" type="stmt" count="0"/>
      <line num="186" type="method" name="getGeboorte" visibility="public" complexity="1" crap="2" count="0"/>
      <line num="188" type="stmt" count="0"/>
      <line num="191" type="method" name="setGeboorte" visibility="public" complexity="1" crap="2" count="0"/>
      <line num="193" type="stmt" count="0"/>
      <line num="195" type="stmt" count="0"/>
      <line num="198" type="method" name="getIngeschrevenpersoon" visibility="public" complexity="1" crap="2" count="0"/>
      <line num="200" type="stmt" count="0"/>
      <line num="203" type="method" name="setIngeschrevenpersoon" visibility="public" complexity="1" crap="2" count="0"/>
      <line num="205" type="stmt" count="0"/>
      <line num="207" type="stmt" count="0"/>
      <metrics loc="209" ncloc="117" classes="1" methods="15" coveredmethods="0" conditionals="0" coveredconditionals="0" statements="21" coveredstatements="0" elements="36" coveredelements="0"/>
    </file>
    <file name="/srv/api/src/Entity/NaamPersoon.php">
      <class name="App\Entity\NaamPersoon" namespace="global">
        <metrics complexity="25" methods="22" coveredmethods="0" conditionals="0" coveredconditionals="0" statements="38" coveredstatements="0" elements="60" coveredelements="0"/>
      </class>
      <line num="162" type="method" name="__construct" visibility="public" complexity="1" crap="2" count="0"/>
      <line num="164" type="stmt" count="0"/>
      <line num="165" type="stmt" count="0"/>
      <line num="168" type="method" name="getId" visibility="public" complexity="1" crap="2" count="0"/>
      <line num="170" type="stmt" count="0"/>
      <line num="173" type="method" name="getUuid" visibility="public" complexity="1" crap="2" count="0"/>
      <line num="175" type="stmt" count="0"/>
      <line num="178" type="method" name="getGeslachtsnaam" visibility="public" complexity="1" crap="2" count="0"/>
      <line num="180" type="stmt" count="0"/>
      <line num="183" type="method" name="setGeslachtsnaam" visibility="public" complexity="1" crap="2" count="0"/>
      <line num="185" type="stmt" count="0"/>
      <line num="187" type="stmt" count="0"/>
      <line num="190" type="method" name="getVoorletters" visibility="public" complexity="1" crap="2" count="0"/>
      <line num="192" type="stmt" count="0"/>
      <line num="195" type="method" name="setVoorletters" visibility="public" complexity="1" crap="2" count="0"/>
      <line num="197" type="stmt" count="0"/>
      <line num="199" type="stmt" count="0"/>
      <line num="202" type="method" name="getVoornamen" visibility="public" complexity="1" crap="2" count="0"/>
      <line num="204" type="stmt" count="0"/>
      <line num="207" type="method" name="setVoornamen" visibility="public" complexity="1" crap="2" count="0"/>
      <line num="209" type="stmt" count="0"/>
      <line num="211" type="stmt" count="0"/>
      <line num="214" type="method" name="getVoorvoegsel" visibility="public" complexity="1" crap="2" count="0"/>
      <line num="216" type="stmt" count="0"/>
      <line num="219" type="method" name="setVoorvoegsel" visibility="public" complexity="1" crap="2" count="0"/>
      <line num="221" type="stmt" count="0"/>
      <line num="223" type="stmt" count="0"/>
      <line num="226" type="method" name="getInOnderzoek" visibility="public" complexity="1" crap="2" count="0"/>
      <line num="228" type="stmt" count="0"/>
      <line num="231" type="method" name="setInOnderzoek" visibility="public" complexity="1" crap="2" count="0"/>
      <line num="233" type="stmt" count="0"/>
      <line num="235" type="stmt" count="0"/>
      <line num="238" type="method" name="getAanhef" visibility="public" complexity="1" crap="2" count="0"/>
      <line num="240" type="stmt" count="0"/>
      <line num="243" type="method" name="setAanhef" visibility="public" complexity="1" crap="2" count="0"/>
      <line num="245" type="stmt" count="0"/>
      <line num="247" type="stmt" count="0"/>
      <line num="250" type="method" name="getAanschrijfwijze" visibility="public" complexity="1" crap="2" count="0"/>
      <line num="252" type="stmt" count="0"/>
      <line num="255" type="method" name="setAanschrijfwijze" visibility="public" complexity="1" crap="2" count="0"/>
      <line num="257" type="stmt" count="0"/>
      <line num="259" type="stmt" count="0"/>
      <line num="262" type="method" name="getGebuikInLopendeTekst" visibility="public" complexity="1" crap="2" count="0"/>
      <line num="264" type="stmt" count="0"/>
      <line num="267" type="method" name="setGebuikInLopendeTekst" visibility="public" complexity="1" crap="2" count="0"/>
      <line num="269" type="stmt" count="0"/>
      <line num="271" type="stmt" count="0"/>
      <line num="277" type="method" name="getIngeschrevenpersonen" visibility="public" complexity="1" crap="2" count="0"/>
      <line num="279" type="stmt" count="0"/>
      <line num="282" type="method" name="addIngeschrevenpersonen" visibility="public" complexity="2" crap="6" count="0"/>
      <line num="284" type="stmt" count="0"/>
      <line num="285" type="stmt" count="0"/>
      <line num="286" type="stmt" count="0"/>
      <line num="289" type="stmt" count="0"/>
      <line num="292" type="method" name="removeIngeschrevenpersonen" visibility="public" complexity="3" crap="12" count="0"/>
      <line num="294" type="stmt" count="0"/>
      <line num="295" type="stmt" count="0"/>
      <line num="297" type="stmt" count="0"/>
      <line num="298" type="stmt" count="0"/>
      <line num="302" type="stmt" count="0"/>
      <metrics loc="304" ncloc="176" classes="1" methods="22" coveredmethods="0" conditionals="0" coveredconditionals="0" statements="38" coveredstatements="0" elements="60" coveredelements="0"/>
    </file>
    <file name="/srv/api/src/Entity/Nationaliteit.php">
      <class name="App\Entity\Nationaliteit" namespace="global">
        <metrics complexity="4" methods="4" coveredmethods="0" conditionals="0" coveredconditionals="0" statements="5" coveredstatements="0" elements="9" coveredelements="0"/>
      </class>
      <line num="44" type="method" name="getId" visibility="public" complexity="1" crap="2" count="0"/>
      <line num="46" type="stmt" count="0"/>
      <line num="49" type="method" name="getUuid" visibility="public" complexity="1" crap="2" count="0"/>
      <line num="51" type="stmt" count="0"/>
      <line num="54" type="method" name="getIngeschrevenpersoon" visibility="public" complexity="1" crap="2" count="0"/>
      <line num="56" type="stmt" count="0"/>
      <line num="59" type="method" name="setIngeschrevenpersoon" visibility="public" complexity="1" crap="2" count="0"/>
      <line num="61" type="stmt" count="0"/>
      <line num="63" type="stmt" count="0"/>
      <metrics loc="65" ncloc="39" classes="1" methods="4" coveredmethods="0" conditionals="0" coveredconditionals="0" statements="5" coveredstatements="0" elements="9" coveredelements="0"/>
    </file>
    <file name="/srv/api/src/Entity/OpschortingBijhouding.php">
      <class name="App\Entity\OpschortingBijhouding" namespace="global">
        <metrics complexity="10" methods="8" coveredmethods="0" conditionals="0" coveredconditionals="0" statements="14" coveredstatements="0" elements="22" coveredelements="0"/>
      </class>
      <line num="72" type="method" name="getId" visibility="public" complexity="1" crap="2" count="0"/>
      <line num="74" type="stmt" count="0"/>
      <line num="77" type="method" name="getUuid" visibility="public" complexity="1" crap="2" count="0"/>
      <line num="79" type="stmt" count="0"/>
      <line num="82" type="method" name="getReden" visibility="public" complexity="1" crap="2" count="0"/>
      <line num="84" type="stmt" count="0"/>
      <line num="87" type="method" name="setReden" visibility="public" complexity="1" crap="2" count="0"/>
      <line num="89" type="stmt" count="0"/>
      <line num="91" type="stmt" count="0"/>
      <line num="94" type="method" name="getDatum" visibility="public" complexity="1" crap="2" count="0"/>
      <line num="96" type="stmt" count="0"/>
      <line num="99" type="method" name="setDatum" visibility="public" complexity="1" crap="2" count="0"/>
      <line num="101" type="stmt" count="0"/>
      <line num="103" type="stmt" count="0"/>
      <line num="106" type="method" name="getIngeschrevenpersoon" visibility="public" complexity="1" crap="2" count="0"/>
      <line num="108" type="stmt" count="0"/>
      <line num="111" type="method" name="setIngeschrevenpersoon" visibility="public" complexity="3" crap="12" count="0"/>
      <line num="113" type="stmt" count="0"/>
      <line num="116" type="stmt" count="0"/>
      <line num="117" type="stmt" count="0"/>
      <line num="118" type="stmt" count="0"/>
      <line num="121" type="stmt" count="0"/>
      <metrics loc="123" ncloc="74" classes="1" methods="8" coveredmethods="0" conditionals="0" coveredconditionals="0" statements="14" coveredstatements="0" elements="22" coveredelements="0"/>
    </file>
    <file name="/srv/api/src/Entity/Ouder.php">
      <class name="App\Entity\Ouder" namespace="global">
        <metrics complexity="19" methods="19" coveredmethods="0" conditionals="0" coveredconditionals="0" statements="27" coveredstatements="0" elements="46" coveredelements="0"/>
      </class>
      <line num="153" type="method" name="getId" visibility="public" complexity="1" crap="2" count="0"/>
      <line num="155" type="stmt" count="0"/>
      <line num="158" type="method" name="getUuid" visibility="public" complexity="1" crap="2" count="0"/>
      <line num="160" type="stmt" count="0"/>
      <line num="163" type="method" name="getBurgerservicenummer" visibility="public" complexity="1" crap="2" count="0"/>
      <line num="165" type="stmt" count="0"/>
      <line num="168" type="method" name="setBurgerservicenummer" visibility="public" complexity="1" crap="2" count="0"/>
      <line num="170" type="stmt" count="0"/>
      <line num="172" type="stmt" count="0"/>
      <line num="175" type="method" name="getBsn" visibility="public" complexity="1" crap="2" count="0"/>
      <line num="177" type="stmt" count="0"/>
      <line num="180" type="method" name="getGeslachtsaanduiding" visibility="public" complexity="1" crap="2" count="0"/>
      <line num="182" type="stmt" count="0"/>
      <line num="185" type="method" name="setGeslachtsaanduiding" visibility="public" complexity="1" crap="2" count="0"/>
      <line num="187" type="stmt" count="0"/>
      <line num="189" type="stmt" count="0"/>
      <line num="192" type="method" name="getOuderAanduiding" visibility="public" complexity="1" crap="2" count="0"/>
      <line num="194" type="stmt" count="0"/>
      <line num="197" type="method" name="setOuderAanduiding" visibility="public" complexity="1" crap="2" count="0"/>
      <line num="199" type="stmt" count="0"/>
      <line num="201" type="stmt" count="0"/>
      <line num="204" type="method" name="getDatumIngangFamilierechtelijkeBetreking" visibility="public" complexity="1" crap="2" count="0"/>
      <line num="206" type="stmt" count="0"/>
      <line num="209" type="method" name="setDatumIngangFamilierechtelijkeBetreking" visibility="public" complexity="1" crap="2" count="0"/>
      <line num="211" type="stmt" count="0"/>
      <line num="213" type="stmt" count="0"/>
      <line num="216" type="method" name="getNaam" visibility="public" complexity="1" crap="2" count="0"/>
      <line num="218" type="stmt" count="0"/>
      <line num="221" type="method" name="setNaam" visibility="public" complexity="1" crap="2" count="0"/>
      <line num="223" type="stmt" count="0"/>
      <line num="225" type="stmt" count="0"/>
      <line num="228" type="method" name="getInOnderzoek" visibility="public" complexity="1" crap="2" count="0"/>
      <line num="230" type="stmt" count="0"/>
      <line num="233" type="method" name="setInOnderzoek" visibility="public" complexity="1" crap="2" count="0"/>
      <line num="235" type="stmt" count="0"/>
      <line num="237" type="stmt" count="0"/>
      <line num="240" type="method" name="getGeboorte" visibility="public" complexity="1" crap="2" count="0"/>
      <line num="242" type="stmt" count="0"/>
      <line num="245" type="method" name="setGeboorte" visibility="public" complexity="1" crap="2" count="0"/>
      <line num="247" type="stmt" count="0"/>
      <line num="249" type="stmt" count="0"/>
      <line num="252" type="method" name="getIngeschrevenpersoon" visibility="public" complexity="1" crap="2" count="0"/>
      <line num="254" type="stmt" count="0"/>
      <line num="257" type="method" name="setIngeschrevenpersoon" visibility="public" complexity="1" crap="2" count="0"/>
      <line num="259" type="stmt" count="0"/>
      <line num="261" type="stmt" count="0"/>
      <metrics loc="263" ncloc="145" classes="1" methods="19" coveredmethods="0" conditionals="0" coveredconditionals="0" statements="27" coveredstatements="0" elements="46" coveredelements="0"/>
    </file>
    <file name="/srv/api/src/Entity/Overlijden.php">
      <class name="App\Entity\Overlijden" namespace="global">
        <metrics complexity="16" methods="14" coveredmethods="0" conditionals="0" coveredconditionals="0" statements="23" coveredstatements="0" elements="37" coveredelements="0"/>
      </class>
      <line num="121" type="method" name="getId" visibility="public" complexity="1" crap="2" count="0"/>
      <line num="123" type="stmt" count="0"/>
      <line num="126" type="method" name="getUuid" visibility="public" complexity="1" crap="2" count="0"/>
      <line num="128" type="stmt" count="0"/>
      <line num="131" type="method" name="getIndicatieOverleden" visibility="public" complexity="1" crap="2" count="0"/>
      <line num="133" type="stmt" count="0"/>
      <line num="136" type="method" name="setIndicatieOverleden" visibility="public" complexity="1" crap="2" count="0"/>
      <line num="138" type="stmt" count="0"/>
      <line num="140" type="stmt" count="0"/>
      <line num="143" type="method" name="getDatum" visibility="public" complexity="1" crap="2" count="0"/>
      <line num="145" type="stmt" count="0"/>
      <line num="148" type="method" name="setDatum" visibility="public" complexity="1" crap="2" count="0"/>
      <line num="150" type="stmt" count="0"/>
      <line num="152" type="stmt" count="0"/>
      <line num="155" type="method" name="getLand" visibility="public" complexity="1" crap="2" count="0"/>
      <line num="157" type="stmt" count="0"/>
      <line num="160" type="method" name="setLand" visibility="public" complexity="1" crap="2" count="0"/>
      <line num="162" type="stmt" count="0"/>
      <line num="164" type="stmt" count="0"/>
      <line num="167" type="method" name="getPlaats" visibility="public" complexity="1" crap="2" count="0"/>
      <line num="169" type="stmt" count="0"/>
      <line num="172" type="method" name="setPlaats" visibility="public" complexity="1" crap="2" count="0"/>
      <line num="174" type="stmt" count="0"/>
      <line num="176" type="stmt" count="0"/>
      <line num="179" type="method" name="getInOnderzoek" visibility="public" complexity="1" crap="2" count="0"/>
      <line num="181" type="stmt" count="0"/>
      <line num="184" type="method" name="setInOnderzoek" visibility="public" complexity="1" crap="2" count="0"/>
      <line num="186" type="stmt" count="0"/>
      <line num="188" type="stmt" count="0"/>
      <line num="191" type="method" name="getIngeschrevenpersoon" visibility="public" complexity="1" crap="2" count="0"/>
      <line num="193" type="stmt" count="0"/>
      <line num="196" type="method" name="setIngeschrevenpersoon" visibility="public" complexity="3" crap="12" count="0"/>
      <line num="198" type="stmt" count="0"/>
      <line num="201" type="stmt" count="0"/>
      <line num="202" type="stmt" count="0"/>
      <line num="203" type="stmt" count="0"/>
      <line num="206" type="stmt" count="0"/>
      <metrics loc="208" ncloc="117" classes="1" methods="14" coveredmethods="0" conditionals="0" coveredconditionals="0" statements="23" coveredstatements="0" elements="37" coveredelements="0"/>
    </file>
    <file name="/srv/api/src/Entity/Partner.php">
      <class name="App\Entity\Partner" namespace="global">
        <metrics complexity="15" methods="15" coveredmethods="0" conditionals="0" coveredconditionals="0" statements="21" coveredstatements="0" elements="36" coveredelements="0"/>
      </class>
      <line num="125" type="method" name="getId" visibility="public" complexity="1" crap="2" count="0"/>
      <line num="127" type="stmt" count="0"/>
      <line num="130" type="method" name="getUuid" visibility="public" complexity="1" crap="2" count="0"/>
      <line num="132" type="stmt" count="0"/>
      <line num="135" type="method" name="getBurgerservicenummer" visibility="public" complexity="1" crap="2" count="0"/>
      <line num="137" type="stmt" count="0"/>
      <line num="140" type="method" name="getBsn" visibility="public" complexity="1" crap="2" count="0"/>
      <line num="142" type="stmt" count="0"/>
      <line num="145" type="method" name="setBurgerservicenummer" visibility="public" complexity="1" crap="2" count="0"/>
      <line num="147" type="stmt" count="0"/>
      <line num="149" type="stmt" count="0"/>
      <line num="152" type="method" name="getGeslachtsaanduiding" visibility="public" complexity="1" crap="2" count="0"/>
      <line num="154" type="stmt" count="0"/>
      <line num="157" type="method" name="setGeslachtsaanduiding" visibility="public" complexity="1" crap="2" count="0"/>
      <line num="159" type="stmt" count="0"/>
      <line num="161" type="stmt" count="0"/>
      <line num="164" type="method" name="getNaam" visibility="public" complexity="1" crap="2" count="0"/>
      <line num="166" type="stmt" count="0"/>
      <line num="169" type="method" name="setNaam" visibility="public" complexity="1" crap="2" count="0"/>
      <line num="171" type="stmt" count="0"/>
      <line num="173" type="stmt" count="0"/>
      <line num="176" type="method" name="getGeboorte" visibility="public" complexity="1" crap="2" count="0"/>
      <line num="178" type="stmt" count="0"/>
      <line num="181" type="method" name="setGeboorte" visibility="public" complexity="1" crap="2" count="0"/>
      <line num="183" type="stmt" count="0"/>
      <line num="185" type="stmt" count="0"/>
      <line num="188" type="method" name="getAangaanHuwelijkPartnerschap" visibility="public" complexity="1" crap="2" count="0"/>
      <line num="190" type="stmt" count="0"/>
      <line num="193" type="method" name="setAangaanHuwelijkPartnerschap" visibility="public" complexity="1" crap="2" count="0"/>
      <line num="195" type="stmt" count="0"/>
      <line num="197" type="stmt" count="0"/>
      <line num="200" type="method" name="getIngeschrevenpersoon" visibility="public" complexity="1" crap="2" count="0"/>
      <line num="202" type="stmt" count="0"/>
      <line num="205" type="method" name="setIngeschrevenpersoon" visibility="public" complexity="1" crap="2" count="0"/>
      <line num="207" type="stmt" count="0"/>
      <line num="209" type="stmt" count="0"/>
      <metrics loc="211" ncloc="117" classes="1" methods="15" coveredmethods="0" conditionals="0" coveredconditionals="0" statements="21" coveredstatements="0" elements="36" coveredelements="0"/>
    </file>
    <file name="/srv/api/src/Entity/Reisdocument.php">
      <class name="App\Entity\Reisdocument" namespace="global">
        <metrics complexity="5" methods="5" coveredmethods="0" conditionals="0" coveredconditionals="0" statements="7" coveredstatements="0" elements="12" coveredelements="0"/>
      </class>
      <line num="63" type="method" name="getId" visibility="public" complexity="1" crap="2" count="0"/>
      <line num="65" type="stmt" count="0"/>
      <line num="68" type="method" name="getUuid" visibility="public" complexity="1" crap="2" count="0"/>
      <line num="70" type="stmt" count="0"/>
      <line num="73" type="method" name="setAanduidingInhoudingOfVermissing" visibility="public" complexity="1" crap="2" count="0"/>
      <line num="75" type="stmt" count="0"/>
      <line num="77" type="stmt" count="0"/>
      <line num="80" type="method" name="getReisdocumentnummer" visibility="public" complexity="1" crap="2" count="0"/>
      <line num="82" type="stmt" count="0"/>
      <line num="85" type="method" name="setReisdocumentnummer" visibility="public" complexity="1" crap="2" count="0"/>
      <line num="87" type="stmt" count="0"/>
      <line num="89" type="stmt" count="0"/>
      <metrics loc="91" ncloc="48" classes="1" methods="5" coveredmethods="0" conditionals="0" coveredconditionals="0" statements="7" coveredstatements="0" elements="12" coveredelements="0"/>
    </file>
    <file name="/srv/api/src/Entity/VerblijfBuitenland.php">
      <class name="App\Entity\VerblijfBuitenland" namespace="global">
        <metrics complexity="16" methods="14" coveredmethods="0" conditionals="0" coveredconditionals="0" statements="24" coveredstatements="0" elements="38" coveredelements="0"/>
      </class>
      <line num="113" type="method" name="getAdresregel1" visibility="public" complexity="1" crap="2" count="0"/>
      <line num="115" type="stmt" count="0"/>
      <line num="118" type="method" name="setAdresregel1" visibility="public" complexity="1" crap="2" count="0"/>
      <line num="120" type="stmt" count="0"/>
      <line num="122" type="stmt" count="0"/>
      <line num="125" type="method" name="getAdresRegel2" visibility="public" complexity="1" crap="2" count="0"/>
      <line num="127" type="stmt" count="0"/>
      <line num="130" type="method" name="setAdresRegel2" visibility="public" complexity="1" crap="2" count="0"/>
      <line num="132" type="stmt" count="0"/>
      <line num="134" type="stmt" count="0"/>
      <line num="137" type="method" name="getAdresRegel3" visibility="public" complexity="1" crap="2" count="0"/>
      <line num="139" type="stmt" count="0"/>
      <line num="142" type="method" name="setAdresRegel3" visibility="public" complexity="1" crap="2" count="0"/>
      <line num="144" type="stmt" count="0"/>
      <line num="146" type="stmt" count="0"/>
      <line num="149" type="method" name="getVertrokkenOnbekendWaarheen" visibility="public" complexity="1" crap="2" count="0"/>
      <line num="151" type="stmt" count="0"/>
      <line num="154" type="method" name="setVertrokkenOnbekendWaarheen" visibility="public" complexity="1" crap="2" count="0"/>
      <line num="156" type="stmt" count="0"/>
      <line num="158" type="stmt" count="0"/>
      <line num="161" type="method" name="getLand" visibility="public" complexity="1" crap="2" count="0"/>
      <line num="163" type="stmt" count="0"/>
      <line num="166" type="method" name="setLand" visibility="public" complexity="1" crap="2" count="0"/>
      <line num="168" type="stmt" count="0"/>
      <line num="170" type="stmt" count="0"/>
      <line num="173" type="method" name="getPlaats" visibility="public" complexity="1" crap="2" count="0"/>
      <line num="175" type="stmt" count="0"/>
      <line num="178" type="method" name="setPlaats" visibility="public" complexity="1" crap="2" count="0"/>
      <line num="180" type="stmt" count="0"/>
      <line num="182" type="stmt" count="0"/>
      <line num="185" type="method" name="getVerblijfplaats" visibility="public" complexity="1" crap="2" count="0"/>
      <line num="187" type="stmt" count="0"/>
      <line num="190" type="method" name="setVerblijfplaats" visibility="public" complexity="3" crap="12" count="0"/>
      <line num="192" type="stmt" count="0"/>
      <line num="195" type="stmt" count="0"/>
      <line num="196" type="stmt" count="0"/>
      <line num="197" type="stmt" count="0"/>
      <line num="200" type="stmt" count="0"/>
      <metrics loc="202" ncloc="119" classes="1" methods="14" coveredmethods="0" conditionals="0" coveredconditionals="0" statements="24" coveredstatements="0" elements="38" coveredelements="0"/>
    </file>
    <file name="/srv/api/src/Entity/Verblijfplaats.php">
      <class name="App\Entity\Verblijfplaats" namespace="global">
        <metrics complexity="60" methods="59" coveredmethods="0" conditionals="0" coveredconditionals="0" statements="90" coveredstatements="0" elements="149" coveredelements="0"/>
      </class>
      <line num="385" type="method" name="getId" visibility="public" complexity="1" crap="2" count="0"/>
      <line num="387" type="stmt" count="0"/>
      <line num="390" type="method" name="getAanduidingBijHuisnummer" visibility="public" complexity="1" crap="2" count="0"/>
      <line num="392" type="stmt" count="0"/>
      <line num="395" type="method" name="setAanduidingBijHuisnummer" visibility="public" complexity="1" crap="2" count="0"/>
      <line num="397" type="stmt" count="0"/>
      <line num="399" type="stmt" count="0"/>
      <line num="402" type="method" name="getFuntieAdres" visibility="public" complexity="1" crap="2" count="0"/>
      <line num="404" type="stmt" count="0"/>
      <line num="407" type="method" name="setFuntieAdres" visibility="public" complexity="1" crap="2" count="0"/>
      <line num="409" type="stmt" count="0"/>
      <line num="411" type="stmt" count="0"/>
      <line num="414" type="method" name="getHuisletter" visibility="public" complexity="1" crap="2" count="0"/>
      <line num="416" type="stmt" count="0"/>
      <line num="419" type="method" name="setHuisletter" visibility="public" complexity="1" crap="2" count="0"/>
      <line num="421" type="stmt" count="0"/>
      <line num="423" type="stmt" count="0"/>
      <line num="426" type="method" name="getHuisnummer" visibility="public" complexity="1" crap="2" count="0"/>
      <line num="428" type="stmt" count="0"/>
      <line num="431" type="method" name="setHuisnummer" visibility="public" complexity="1" crap="2" count="0"/>
      <line num="433" type="stmt" count="0"/>
      <line num="435" type="stmt" count="0"/>
      <line num="438" type="method" name="getHuisnummertoevoeging" visibility="public" complexity="1" crap="2" count="0"/>
      <line num="440" type="stmt" count="0"/>
      <line num="443" type="method" name="setHuisnummertoevoeging" visibility="public" complexity="1" crap="2" count="0"/>
      <line num="445" type="stmt" count="0"/>
      <line num="447" type="stmt" count="0"/>
[...]
      <line num="338" type="stmt" count="0"/>
      <line num="340" type="stmt" count="0"/>
      <line num="341" type="stmt" count="0"/>
      <line num="344" type="stmt" count="0"/>
      <line num="347" type="method" name="createVerblijfBuitenland" visibility="public" complexity="1" crap="2" count="0"/>
      <line num="349" type="stmt" count="0"/>
      <line num="351" type="stmt" count="0"/>
      <line num="352" type="stmt" count="0"/>
      <line num="353" type="stmt" count="0"/>
      <line num="354" type="stmt" count="0"/>
      <line num="356" type="stmt" count="0"/>
      <line num="359" type="method" name="createVerblijfplaats" visibility="public" complexity="17" crap="306" count="0"/>
      <line num="361" type="stmt" count="0"/>
      <line num="362" type="stmt" count="0"/>
      <line num="363" type="stmt" count="0"/>
      <line num="364" type="stmt" count="0"/>
      <line num="365" type="stmt" count="0"/>
      <line num="366" type="stmt" count="0"/>
      <line num="367" type="stmt" count="0"/>
      <line num="368" type="stmt" count="0"/>
      <line num="369" type="stmt" count="0"/>
      <line num="370" type="stmt" count="0"/>
      <line num="371" type="stmt" count="0"/>
      <line num="372" type="stmt" count="0"/>
      <line num="373" type="stmt" count="0"/>
      <line num="374" type="stmt" count="0"/>
      <line num="375" type="stmt" count="0"/>
      <line num="376" type="stmt" count="0"/>
      <line num="377" type="stmt" count="0"/>
      <line num="379" type="stmt" count="0"/>
      <line num="381" type="stmt" count="0"/>
      <line num="384" type="method" name="createVerlijfstitel" visibility="public" complexity="2" crap="6" count="0"/>
      <line num="386" type="stmt" count="0"/>
      <line num="388" type="stmt" count="0"/>
      <line num="389" type="stmt" count="0"/>
      <line num="390" type="stmt" count="0"/>
      <line num="392" type="stmt" count="0"/>
      <line num="393" type="stmt" count="0"/>
      <line num="396" type="stmt" count="0"/>
      <line num="399" type="method" name="createAangaanHuwelijkPartnerschap" visibility="public" complexity="4" crap="20" count="0"/>
      <line num="401" type="stmt" count="0"/>
      <line num="403" type="stmt" count="0"/>
      <line num="404" type="stmt" count="0"/>
      <line num="405" type="stmt" count="0"/>
      <line num="406" type="stmt" count="0"/>
      <line num="408" type="stmt" count="0"/>
      <line num="411" type="method" name="createPartner" visibility="public" complexity="3" crap="12" count="0"/>
      <line num="413" type="stmt" count="0"/>
      <line num="414" type="stmt" count="0"/>
      <line num="415" type="stmt" count="0"/>
      <line num="416" type="stmt" count="0"/>
      <line num="417" type="stmt" count="0"/>
      <line num="418" type="stmt" count="0"/>
      <line num="420" type="stmt" count="0"/>
      <line num="423" type="method" name="createKind" visibility="public" complexity="1" crap="2" count="0"/>
      <line num="425" type="stmt" count="0"/>
      <line num="426" type="stmt" count="0"/>
      <line num="427" type="stmt" count="0"/>
      <line num="428" type="stmt" count="0"/>
      <line num="429" type="stmt" count="0"/>
      <line num="430" type="stmt" count="0"/>
      <line num="432" type="stmt" count="0"/>
      <line num="435" type="method" name="createOuder" visibility="public" complexity="3" crap="12" count="0"/>
      <line num="437" type="stmt" count="0"/>
      <line num="438" type="stmt" count="0"/>
      <line num="439" type="stmt" count="0"/>
      <line num="440" type="stmt" count="0"/>
      <line num="441" type="stmt" count="0"/>
      <line num="442" type="stmt" count="0"/>
      <line num="443" type="stmt" count="0"/>
      <line num="444" type="stmt" count="0"/>
      <line num="446" type="stmt" count="0"/>
      <line num="449" type="method" name="createPartners" visibility="public" complexity="9" crap="90" count="0"/>
      <line num="451" type="stmt" count="0"/>
      <line num="452" type="stmt" count="0"/>
      <line num="454" type="stmt" count="0"/>
      <line num="455" type="stmt" count="0"/>
      <line num="456" type="stmt" count="0"/>
      <line num="461" type="stmt" count="0"/>
      <line num="464" type="method" name="createKinderen" visibility="public" complexity="9" crap="90" count="0"/>
      <line num="466" type="stmt" count="0"/>
      <line num="467" type="stmt" count="0"/>
      <line num="469" type="stmt" count="0"/>
      <line num="470" type="stmt" count="0"/>
      <line num="471" type="stmt" count="0"/>
      <line num="476" type="stmt" count="0"/>
      <line num="479" type="method" name="createOuders" visibility="public" complexity="9" crap="90" count="0"/>
      <line num="481" type="stmt" count="0"/>
      <line num="482" type="stmt" count="0"/>
      <line num="484" type="stmt" count="0"/>
      <line num="485" type="stmt" count="0"/>
      <line num="486" type="stmt" count="0"/>
      <line num="491" type="stmt" count="0"/>
      <line num="494" type="method" name="addRelatives" visibility="public" complexity="4" crap="20" count="0"/>
      <line num="496" type="stmt" count="0"/>
      <line num="497" type="stmt" count="0"/>
      <line num="498" type="stmt" count="0"/>
      <line num="499" type="stmt" count="0"/>
      <line num="500" type="stmt" count="0"/>
      <line num="501" type="stmt" count="0"/>
      <line num="502" type="stmt" count="0"/>
      <line num="503" type="stmt" count="0"/>
      <line num="504" type="stmt" count="0"/>
      <line num="506" type="stmt" count="0"/>
      <line num="509" type="method" name="createIngeschrevenPersoon" visibility="public" complexity="6" crap="42" count="0"/>
      <line num="511" type="stmt" count="0"/>
      <line num="512" type="stmt" count="0"/>
      <line num="513" type="stmt" count="0"/>
      <line num="514" type="stmt" count="0"/>
      <line num="515" type="stmt" count="0"/>
      <line num="517" type="stmt" count="0"/>
      <line num="518" type="stmt" count="0"/>
      <line num="519" type="stmt" count="0"/>
      <line num="520" type="stmt" count="0"/>
      <line num="521" type="stmt" count="0"/>
      <line num="522" type="stmt" count="0"/>
      <line num="523" type="stmt" count="0"/>
      <line num="524" type="stmt" count="0"/>
      <line num="526" type="stmt" count="0"/>
      <line num="527" type="stmt" count="0"/>
      <line num="529" type="stmt" count="0"/>
      <line num="530" type="stmt" count="0"/>
      <line num="531" type="stmt" count="0"/>
      <line num="532" type="stmt" count="0"/>
      <line num="534" type="stmt" count="0"/>
      <line num="535" type="stmt" count="0"/>
      <line num="537" type="stmt" count="0"/>
      <line num="540" type="method" name="performRequest" visibility="public" complexity="5" crap="30" count="0"/>
      <line num="542" type="stmt" count="0"/>
      <line num="543" type="stmt" count="0"/>
      <line num="544" type="stmt" count="0"/>
      <line num="545" type="stmt" count="0"/>
      <line num="546" type="stmt" count="0"/>
      <line num="548" type="stmt" count="0"/>
      <line num="549" type="stmt" count="0"/>
      <line num="550" type="stmt" count="0"/>
      <line num="552" type="stmt" count="0"/>
      <line num="556" type="method" name="createIngeschrevenPersonen" visibility="public" complexity="3" crap="12" count="0"/>
      <line num="558" type="stmt" count="0"/>
      <line num="559" type="stmt" count="0"/>
      <line num="561" type="stmt" count="0"/>
      <line num="562" type="stmt" count="0"/>
      <line num="563" type="stmt" count="0"/>
      <line num="567" type="stmt" count="0"/>
      <line num="570" type="method" name="getIngeschrevenPersonen" visibility="public" complexity="4" crap="20" count="0"/>
      <line num="572" type="stmt" count="0"/>
      <line num="573" type="stmt" count="0"/>
      <line num="575" type="stmt" count="0"/>
      <line num="577" type="stmt" count="0"/>
      <line num="578" type="stmt" count="0"/>
      <line num="579" type="stmt" count="0"/>
      <line num="580" type="stmt" count="0"/>
      <line num="581" type="stmt" count="0"/>
      <line num="582" type="stmt" count="0"/>
      <line num="583" type="stmt" count="0"/>
      <line num="585" type="stmt" count="0"/>
      <line num="586" type="stmt" count="0"/>
      <line num="587" type="stmt" count="0"/>
      <line num="588" type="stmt" count="0"/>
      <line num="589" type="stmt" count="0"/>
      <line num="590" type="stmt" count="0"/>
      <line num="593" type="stmt" count="0"/>
      <line num="596" type="method" name="getResults" visibility="public" complexity="2" crap="6" count="0"/>
      <line num="598" type="stmt" count="0"/>
      <line num="599" type="stmt" count="0"/>
      <line num="600" type="stmt" count="0"/>
      <line num="601" type="stmt" count="0"/>
      <line num="603" type="stmt" count="0"/>
      <line num="606" type="stmt" count="0"/>
      <metrics loc="608" ncloc="605" classes="1" methods="25" coveredmethods="0" conditionals="0" coveredconditionals="0" statements="240" coveredstatements="0" elements="265" coveredelements="0"/>
    </file>
    <file name="/srv/api/src/Subscriber/FamilieSubscriber.php">
      <class name="App\Subscriber\FamilieSubscriber" namespace="global">
        <metrics complexity="15" methods="3" coveredmethods="0" conditionals="0" coveredconditionals="0" statements="47" coveredstatements="0" elements="50" coveredelements="0"/>
      </class>
      <line num="26" type="method" name="__construct" visibility="public" complexity="1" crap="2" count="0"/>
      <line num="28" type="stmt" count="0"/>
      <line num="29" type="stmt" count="0"/>
      <line num="30" type="stmt" count="0"/>
      <line num="31" type="stmt" count="0"/>
      <line num="32" type="stmt" count="0"/>
      <line num="34" type="method" name="getSubscribedEvents" visibility="public" complexity="1" crap="2" count="0"/>
      <line num="37" type="stmt" count="0"/>
      <line num="41" type="method" name="getFamilie" visibility="public" complexity="13" crap="182" count="0"/>
      <line num="43" type="stmt" count="0"/>
      <line num="44" type="stmt" count="0"/>
      <line num="46" type="stmt" count="0"/>
      <line num="47" type="stmt" count="0"/>
      <line num="48" type="stmt" count="0"/>
      <line num="49" type="stmt" count="0"/>
      <line num="51" type="stmt" count="0"/>
      <line num="54" type="stmt" count="0"/>
      <line num="55" type="stmt" count="0"/>
      <line num="56" type="stmt" count="0"/>
      <line num="57" type="stmt" count="0"/>
      <line num="59" type="stmt" count="0"/>
      <line num="60" type="stmt" count="0"/>
      <line num="61" type="stmt" count="0"/>
      <line num="62" type="stmt" count="0"/>
      <line num="63" type="stmt" count="0"/>
      <line num="64" type="stmt" count="0"/>
      <line num="65" type="stmt" count="0"/>
      <line num="66" type="stmt" count="0"/>
      <line num="67" type="stmt" count="0"/>
      <line num="68" type="stmt" count="0"/>
      <line num="70" type="stmt" count="0"/>
      <line num="71" type="stmt" count="0"/>
      <line num="74" type="stmt" count="0"/>
      <line num="75" type="stmt" count="0"/>
      <line num="76" type="stmt" count="0"/>
      <line num="78" type="stmt" count="0"/>
      <line num="79" type="stmt" count="0"/>
      <line num="80" type="stmt" count="0"/>
      <line num="81" type="stmt" count="0"/>
      <line num="82" type="stmt" count="0"/>
      <line num="83" type="stmt" count="0"/>
      <line num="86" type="stmt" count="0"/>
      <line num="87" type="stmt" count="0"/>
      <line num="89" type="stmt" count="0"/>
      <line num="93" type="stmt" count="0"/>
      <line num="94" type="stmt" count="0"/>
      <line num="95" type="stmt" count="0"/>
      <line num="96" type="stmt" count="0"/>
      <line num="99" type="stmt" count="0"/>
      <line num="100" type="stmt" count="0"/>
      <metrics loc="101" ncloc="99" classes="1" methods="3" coveredmethods="0" conditionals="0" coveredconditionals="0" statements="47" coveredstatements="0" elements="50" coveredelements="0"/>
    </file>
    <file name="/srv/api/src/Subscriber/IngeschrevenpersonenSubscriber.php">
      <class name="App\Subscriber\IngeschrevenpersonenSubscriber" namespace="global">
        <metrics complexity="7" methods="3" coveredmethods="0" conditionals="0" coveredconditionals="0" statements="22" coveredstatements="0" elements="25" coveredelements="0"/>
      </class>
      <line num="24" type="method" name="__construct" visibility="public" complexity="1" crap="2" count="0"/>
      <line num="26" type="stmt" count="0"/>
      <line num="27" type="stmt" count="0"/>
      <line num="28" type="stmt" count="0"/>
      <line num="29" type="stmt" count="0"/>
      <line num="31" type="method" name="getSubscribedEvents" visibility="public" complexity="1" crap="2" count="0"/>
      <line num="34" type="stmt" count="0"/>
      <line num="38" type="method" name="IngeschrevenpersonenQuery" visibility="public" complexity="5" crap="30" count="0"/>
      <line num="40" type="stmt" count="0"/>
      <line num="41" type="stmt" count="0"/>
      <line num="42" type="stmt" count="0"/>
      <line num="43" type="stmt" count="0"/>
      <line num="44" type="stmt" count="0"/>
      <line num="45" type="stmt" count="0"/>
      <line num="46" type="stmt" count="0"/>
      <line num="48" type="stmt" count="0"/>
      <line num="49" type="stmt" count="0"/>
      <line num="51" type="stmt" count="0"/>
      <line num="53" type="stmt" count="0"/>
      <line num="54" type="stmt" count="0"/>
      <line num="56" type="stmt" count="0"/>
      <line num="57" type="stmt" count="0"/>
      <line num="58" type="stmt" count="0"/>
      <line num="59" type="stmt" count="0"/>
      <line num="159" type="stmt" count="0"/>
      <metrics loc="160" ncloc="62" classes="1" methods="3" coveredmethods="0" conditionals="0" coveredconditionals="0" statements="22" coveredstatements="0" elements="25" coveredelements="0"/>
    </file>
    <file name="/srv/api/src/Subscriber/IngeschrevenpersoonSubscriber.php">
      <class name="App\Subscriber\IngeschrevenpersoonSubscriber" namespace="global">
        <metrics complexity="13" methods="3" coveredmethods="0" conditionals="0" coveredconditionals="0" statements="41" coveredstatements="0" elements="44" coveredelements="0"/>
      </class>
      <line num="24" type="method" name="__construct" visibility="public" complexity="1" crap="2" count="0"/>
      <line num="26" type="stmt" count="0"/>
      <line num="27" type="stmt" count="0"/>
      <line num="28" type="stmt" count="0"/>
      <line num="29" type="stmt" count="0"/>
      <line num="30" type="stmt" count="0"/>
      <line num="32" type="method" name="getSubscribedEvents" visibility="public" complexity="1" crap="2" count="0"/>
      <line num="35" type="stmt" count="0"/>
      <line num="39" type="method" name="IngeschrevenpersoonOnBsn" visibility="public" complexity="11" crap="132" count="0"/>
      <line num="41" type="stmt" count="0"/>
      <line num="42" type="stmt" count="0"/>
      <line num="43" type="stmt" count="0"/>
      <line num="44" type="stmt" count="0"/>
      <line num="45" type="stmt" count="0"/>
      <line num="47" type="stmt" count="0"/>
      <line num="50" type="stmt" count="0"/>
      <line num="51" type="stmt" count="0"/>
      <line num="55" type="stmt" count="0"/>
      <line num="56" type="stmt" count="0"/>
      <line num="57" type="stmt" count="0"/>
      <line num="58" type="stmt" count="0"/>
      <line num="59" type="stmt" count="0"/>
      <line num="60" type="stmt" count="0"/>
      <line num="61" type="stmt" count="0"/>
      <line num="62" type="stmt" count="0"/>
      <line num="63" type="stmt" count="0"/>
      <line num="64" type="stmt" count="0"/>
      <line num="66" type="stmt" count="0"/>
      <line num="67" type="stmt" count="0"/>
      <line num="70" type="stmt" count="0"/>
      <line num="74" type="stmt" count="0"/>
      <line num="75" type="stmt" count="0"/>
      <line num="77" type="stmt" count="0"/>
      <line num="78" type="stmt" count="0"/>
      <line num="80" type="stmt" count="0"/>
      <line num="83" type="stmt" count="0"/>
      <line num="84" type="stmt" count="0"/>
      <line num="86" type="stmt" count="0"/>
      <line num="90" type="stmt" count="0"/>
      <line num="91" type="stmt" count="0"/>
      <line num="92" type="stmt" count="0"/>
      <line num="93" type="stmt" count="0"/>
      <line num="96" type="stmt" count="0"/>
      <line num="97" type="stmt" count="0"/>
      <metrics loc="98" ncloc="95" classes="1" methods="3" coveredmethods="0" conditionals="0" coveredconditionals="0" statements="41" coveredstatements="0" elements="44" coveredelements="0"/>
    </file>
    <file name="/srv/api/src/Subscriber/StufSubscriber.php">
      <class name="App\Subscriber\StufSubscriber" namespace="global">
        <metrics complexity="6" methods="3" coveredmethods="0" conditionals="0" coveredconditionals="0" statements="12" coveredstatements="0" elements="15" coveredelements="0"/>
      </class>
      <line num="22" type="method" name="__construct" visibility="public" complexity="1" crap="2" count="0"/>
      <line num="24" type="stmt" count="0"/>
      <line num="25" type="stmt" count="0"/>
      <line num="26" type="stmt" count="0"/>
      <line num="27" type="stmt" count="0"/>
      <line num="28" type="stmt" count="0"/>
      <line num="30" type="method" name="getSubscribedEvents" visibility="public" complexity="1" crap="2" count="0"/>
      <line num="33" type="stmt" count="0"/>
      <line num="37" type="method" name="Ingeschrevenpersoon" visibility="public" complexity="4" crap="20" count="0"/>
      <line num="39" type="stmt" count="0"/>
      <line num="40" type="stmt" count="0"/>
      <line num="43" type="stmt" count="0"/>
      <line num="44" type="stmt" count="0"/>
      <line num="46" type="stmt" count="0"/>
      <line num="47" type="stmt" count="0"/>
      <metrics loc="48" ncloc="47" classes="1" methods="3" coveredmethods="0" conditionals="0" coveredconditionals="0" statements="12" coveredstatements="0" elements="15" coveredelements="0"/>
    </file>
    <file name="/srv/api/src/Subscriber/WoonplaatsHistorieSubscriber.php">
      <class name="App\Subscriber\WoonplaatsHistorieSubscriber" namespace="global">
        <metrics complexity="6" methods="3" coveredmethods="0" conditionals="0" coveredconditionals="0" statements="14" coveredstatements="0" elements="17" coveredelements="0"/>
      </class>
      <line num="26" type="method" name="__construct" visibility="public" complexity="1" crap="2" count="0"/>
      <line num="28" type="stmt" count="0"/>
      <line num="29" type="stmt" count="0"/>
      <line num="30" type="stmt" count="0"/>
      <line num="31" type="stmt" count="0"/>
      <line num="32" type="stmt" count="0"/>
      <line num="34" type="method" name="getSubscribedEvents" visibility="public" complexity="1" crap="2" count="0"/>
      <line num="37" type="stmt" count="0"/>
      <line num="41" type="method" name="Ingeschrevenpersoon" visibility="public" complexity="4" crap="20" count="0"/>
      <line num="43" type="stmt" count="0"/>
      <line num="44" type="stmt" count="0"/>
      <line num="47" type="stmt" count="0"/>
      <line num="48" type="stmt" count="0"/>
      <line num="49" type="stmt" count="0"/>
      <line num="50" type="stmt" count="0"/>
      <line num="53" type="stmt" count="0"/>
      <line num="54" type="stmt" count="0"/>
      <metrics loc="55" ncloc="53" classes="1" methods="3" coveredmethods="0" conditionals="0" coveredconditionals="0" statements="14" coveredstatements="0" elements="17" coveredelements="0"/>
    </file>
    <metrics files="49" loc="7597" ncloc="5180" classes="49" methods="381" coveredmethods="0" conditionals="0" coveredconditionals="0" statements="1793" coveredstatements="0" elements="2174" coveredelements="0"/>
  </project>
</coverage>
